


	     	     !!!!!!!!!!!!!!!!!!!!!!!!!!!!!!!!!!!!!!!!!!!!!!!!!!!!!!!!!!!!!!!!!
	     	     !!                                                             !!
	     	     !!                   !! FCIS says HELLO !!                     !!
	     	     !!                                                             !!
	     	     !!!!!!!!!!!!!!!!!!!!!!!!!!!!!!!!!!!!!!!!!!!!!!!!!!!!!!!!!!!!!!!!!





********************************************************************
* INITIALIZATIONS:
*=================
* 1) CPU...[DONE]
* 2) MEMORY:
*	     Physical memory: 32768K available, base = 640K, extended = 31744K
*	     Max Envs = 8, Nearest Pow of 2 = 8
*	     check_boot_pgdir() succeeded!
* 3) USER ENVs...[DONE]
* 4) PROGRAMMABLE INTERRUPT CONTROLLER:
*	     PIC is initialized
*	     IRQ0 (Clock): is Enabled
*	     IRQ1 (Keyboard): is Enabled
*	     IRQ4 (COM1): is Enabled
* 5) SCHEDULER & MULTI-TASKING:
*	     RR scheduler with initial clock = 11637
* 6) ESP to SCHED KERN STACK:
*	     old SP = f0136fd0 - updated SP = efbfffd0
********************************************************************

Welcome to the FOS kernel command prompt!
Type 'help' for a list of commands.
FOS> clear
FOS> tst 2
Unknown test '2'
FOS> tst dyunnalloc 
Invalid number of arguments! USAGE: tst dynalloc <testname>
FOS> tst dynalloc 2
FOS> clear
FOS> 