


	     	     !!!!!!!!!!!!!!!!!!!!!!!!!!!!!!!!!!!!!!!!!!!!!!!!!!!!!!!!!!!!!!!!!
	     	     !!                                                             !!
	     	     !!                   !! FCIS says HELLO !!                     !!
	     	     !!                                                             !!
	     	     !!!!!!!!!!!!!!!!!!!!!!!!!!!!!!!!!!!!!!!!!!!!!!!!!!!!!!!!!!!!!!!!!





********************************************************************
* INITIALIZATIONS:
*=================
* 1) CPU...[DONE]
* 2) MEMORY:
*	     Physical memory: 262144K available, base = 640K, extended = 261120K
*	     Max Envs = 8, Nearest Pow of 2 = 8
*	     check_boot_pgdir() succeeded!
* 3) USER ENVs...[DONE]
* 4) PROGRAMMABLE INTERRUPT CONTROLLER:
*	     PIC is initialized
*	     IRQ0 (Clock): is Enabled
*	     IRQ1 (Keyboard): is Enabled
*	     IRQ4 (COM1): is Enabled
* 5) SCHEDULER & MULTI-TASKING:
*	     RR scheduler with initial clock = 11517
* 6) ESP to SCHED KERN STACK:
*	     old SP = f0136fd0 - updated SP = efbfffd0
********************************************************************

Welcome to the FOS kernel command prompt!
Type 'help' for a list of commands.
FOS> clear
FOS> tst dynalloc freeff
===========================================================
NOTE: THIS TEST IS DEPEND ON BOTH ALLOCATE & FREE FUNCTIONS
===========================================================
	     1: Try to allocate set of blocks with different sizes to fill-up the allocated space


kernel [EVAL_FINAL]panic at lib/dynamic_allocator.c:155: alloc_block_FF is not implemented yet
esp = efbfedc0
FOS> 


	     	     !!!!!!!!!!!!!!!!!!!!!!!!!!!!!!!!!!!!!!!!!!!!!!!!!!!!!!!!!!!!!!!!!
	     	     !!                                                             !!
	     	     !!                   !! FCIS says HELLO !!                     !!
	     	     !!                                                             !!
	     	     !!!!!!!!!!!!!!!!!!!!!!!!!!!!!!!!!!!!!!!!!!!!!!!!!!!!!!!!!!!!!!!!!





********************************************************************
* INITIALIZATIONS:
*=================
* 1) CPU...[DONE]
* 2) MEMORY:
*	     Physical memory: 262144K available, base = 640K, extended = 261120K



	     	     !!!!!!!!!!!!!!!!!!!!!!!!!!!!!!!!!!!!!!!!!!!!!!!!!!!!!!!!!!!!!!!!!
	     	     !!                                                             !!
	     	     !!                   !! FCIS says HELLO !!                     !!
	     	     !!                                                             !!
	     	     !!!!!!!!!!!!!!!!!!!!!!!!!!!!!!!!!!!!!!!!!!!!!!!!!!!!!!!!!!!!!!!!!





********************************************************************
* INITIALIZATIONS:
*=================
* 1) CPU...[DONE]
* 2) MEMORY:
*	     Physical memory: 262144K available, base = 640K, extended = 261120K
*	     Max Envs = 8, Nearest Pow of 2 = 8
*	     check_boot_pgdir() succeeded!
* 3) USER ENVs...[DONE]
* 4) PROGRAMMABLE INTERRUPT CONTROLLER:
*	     PIC is initialized
*	     IRQ0 (Clock): is Enabled
*	     IRQ1 (Keyboard): is Enabled
*	     IRQ4 (COM1): is Enabled
* 5) SCHEDULER & MULTI-TASKING:
*	     RR scheduler with initial clock = 11697
* 6) ESP to SCHED KERN STACK:
*	     old SP = f0136fd0 - updated SP = efbfffd0
********************************************************************

Welcome to the FOS kernel command prompt!
Type 'help' for a list of commands.
FOS> clear
FOS> c


	     	     !!!!!!!!!!!!!!!!!!!!!!!!!!!!!!!!!!!!!!!!!!!!!!!!!!!!!!!!!!!!!!!!!
	     	     !!                                                             !!
	     	     !!                   !! FCIS says HELLO !!                     !!
	     	     !!                                                             !!
	     	     !!!!!!!!!!!!!!!!!!!!!!!!!!!!!!!!!!!!!!!!!!!!!!!!!!!!!!!!!!!!!!!!!





********************************************************************
* INITIALIZATIONS:
*=================
* 1) CPU...[DONE]
* 2) MEMORY:
*	     Physical memory: 262144K available, base = 640K, extended = 261120K
*	     Max Envs = 8, Nearest Pow of 2 = 8
*	     check_boot_pgdir() succeeded!
* 3) USER ENVs...[DONE]
* 4) PROGRAMMABLE INTERRUPT CONTROLLER:
*	     PIC is initialized
*	     IRQ0 (Clock): is Enabled
*	     IRQ1 (Keyboard): is Enabled
*	     IRQ4 (COM1): is Enabled
* 5) SCHEDULER & MULTI-TASKING:
*	     RR scheduler with initial clock = 11681
* 6) ESP to SCHED KERN STACK:
*	     old SP = f0136fd0 - updated SP = efbfffd0
********************************************************************

Welcome to the FOS kernel command prompt!
Type 'help' for a list of commands.
FOS> clear
FOS> 